2023-03-08 17:49:41.581 [info] Log level: Info
2023-03-08 17:49:41.581 [info] Validating found git in: "git"
2023-03-08 17:49:41.611 [info] Using git "2.39.2" from "git"
2023-03-08 17:49:41.653 [info] > git rev-parse --show-toplevel [30ms]
2023-03-08 17:49:41.667 [info] > git rev-parse --git-dir --git-common-dir [6ms]
2023-03-08 17:49:41.684 [info] Open repository: /home/hawi/phase-0-html-experiencing-html-lab
2023-03-08 17:49:41.722 [info] > git rev-parse --show-toplevel [27ms]
2023-03-08 17:49:41.759 [info] > git rev-parse --show-toplevel [24ms]
2023-03-08 17:49:41.767 [info] > git config --get commit.template [44ms]
2023-03-08 17:49:41.826 [info] > git for-each-ref --format=%(refname)%00%(upstream:short)%00%(objectname)%00%(upstream:track)%00%(upstream:remotename)%00%(upstream:remoteref) refs/heads/master refs/remotes/master [31ms]
2023-03-08 17:49:41.841 [info] > git status -z -uall [4ms]
2023-03-08 17:49:41.867 [info] > git config --get commit.template [4ms]
2023-03-08 17:49:41.877 [info] > git for-each-ref --format=%(refname)%00%(upstream:short)%00%(objectname)%00%(upstream:track)%00%(upstream:remotename)%00%(upstream:remoteref) refs/heads/master refs/remotes/master [2ms]
2023-03-08 17:49:41.891 [info] > git status -z -uall [4ms]
2023-03-08 17:49:42.292 [info] > git check-ignore -v -z --stdin [3ms]
2023-03-08 17:52:36.839 [info] > git check-ignore -v -z --stdin [2ms]
2023-03-08 17:53:08.045 [info] > git config --get commit.template [20ms]
2023-03-08 17:53:08.049 [info] > git for-each-ref --format=%(refname)%00%(upstream:short)%00%(objectname)%00%(upstream:track)%00%(upstream:remotename)%00%(upstream:remoteref) refs/heads/master refs/remotes/master [12ms]
2023-03-08 17:53:08.061 [info] > git status -z -uall [4ms]
2023-03-08 17:53:08.646 [info] > git show --textconv :my_list.txt [34ms]
2023-03-08 17:53:08.659 [info] > git ls-files --stage -- /home/hawi/phase-0-html-experiencing-html-lab/my_list.txt [15ms]
2023-03-08 17:57:22.586 [info] > git check-ignore -v -z --stdin [16ms]
2023-03-08 17:57:22.669 [info] > git show --textconv :my_list.html [85ms]
2023-03-08 17:57:22.670 [info] > git ls-files --stage -- /home/hawi/phase-0-html-experiencing-html-lab/my_list.html [8ms]
2023-03-08 17:57:23.804 [info] > git config --get commit.template [10ms]
2023-03-08 17:57:23.805 [info] > git for-each-ref --format=%(refname)%00%(upstream:short)%00%(objectname)%00%(upstream:track)%00%(upstream:remotename)%00%(upstream:remoteref) refs/heads/master refs/remotes/master [3ms]
2023-03-08 17:57:23.816 [info] > git status -z -uall [4ms]
2023-03-08 17:58:39.367 [info] > git show --textconv HEAD:my_list.html [20ms]
2023-03-08 17:58:39.373 [info] > git ls-tree -l HEAD -- /home/hawi/phase-0-html-experiencing-html-lab/my_list.html [8ms]
2023-03-08 18:01:04.327 [info] > git config --get commit.template [3ms]
2023-03-08 18:01:04.338 [info] > git for-each-ref --format=%(refname)%00%(upstream:short)%00%(objectname)%00%(upstream:track)%00%(upstream:remotename)%00%(upstream:remoteref) refs/heads/master refs/remotes/master [3ms]
2023-03-08 18:01:04.350 [info] > git status -z -uall [4ms]
2023-03-08 18:01:37.976 [info] > git config --get commit.template [16ms]
2023-03-08 18:01:37.977 [info] > git for-each-ref --format=%(refname)%00%(upstream:short)%00%(objectname)%00%(upstream:track)%00%(upstream:remotename)%00%(upstream:remoteref) refs/heads/master refs/remotes/master [7ms]
2023-03-08 18:01:37.988 [info] > git status -z -uall [3ms]
