2023-03-08 17:49:27.659 [error] [idleberg.icon-fonts]: Unknown language in `contributes.icon-fonts.language`. Provided value: blade
2023-03-08 17:49:27.660 [error] [idleberg.icon-fonts]: Unknown language in `contributes.icon-fonts.language`. Provided value: blade
2023-03-08 17:49:27.661 [error] [idleberg.icon-fonts]: Unknown language in `contributes.icon-fonts.language`. Provided value: blade
2023-03-08 17:49:27.661 [error] [idleberg.icon-fonts]: Unknown language in `contributes.icon-fonts.language`. Provided value: blade
2023-03-08 17:49:27.662 [error] [idleberg.icon-fonts]: Unknown language in `contributes.icon-fonts.language`. Provided value: blade
2023-03-08 17:49:27.663 [error] [idleberg.icon-fonts]: Unknown language in `contributes.icon-fonts.language`. Provided value: blade
2023-03-08 17:49:27.664 [error] [idleberg.icon-fonts]: Unknown language in `contributes.icon-fonts.language`. Provided value: blade
2023-03-08 17:49:27.665 [error] [idleberg.icon-fonts]: Unknown language in `contributes.icon-fonts.language`. Provided value: blade
2023-03-08 17:49:27.667 [error] [idleberg.icon-fonts]: Unknown language in `contributes.icon-fonts.language`. Provided value: blade
2023-03-08 17:49:27.667 [error] [idleberg.icon-fonts]: Unknown language in `contributes.icon-fonts.language`. Provided value: blade
2023-03-08 17:49:27.668 [error] [idleberg.icon-fonts]: Unknown language in `contributes.icon-fonts.language`. Provided value: blade
2023-03-08 17:49:27.668 [error] [idleberg.icon-fonts]: Unknown language in `contributes.icon-fonts.language`. Provided value: blade
2023-03-08 17:49:27.669 [error] [idleberg.icon-fonts]: Unknown language in `contributes.icon-fonts.language`. Provided value: blade
2023-03-08 17:49:27.669 [error] [idleberg.icon-fonts]: Unknown language in `contributes.icon-fonts.language`. Provided value: blade
2023-03-08 17:49:27.670 [error] [idleberg.icon-fonts]: Unknown language in `contributes.icon-fonts.language`. Provided value: blade
2023-03-08 17:49:27.670 [error] [idleberg.icon-fonts]: Unknown language in `contributes.icon-fonts.language`. Provided value: blade
2023-03-08 17:49:27.671 [error] [idleberg.icon-fonts]: Unknown language in `contributes.icon-fonts.language`. Provided value: blade
2023-03-08 17:49:27.671 [error] [idleberg.icon-fonts]: Unknown language in `contributes.icon-fonts.language`. Provided value: blade
2023-03-08 17:49:27.672 [error] [idleberg.icon-fonts]: Unknown language in `contributes.icon-fonts.language`. Provided value: blade
2023-03-08 17:49:27.672 [error] [idleberg.icon-fonts]: Unknown language in `contributes.icon-fonts.language`. Provided value: blade
2023-03-08 17:49:27.673 [error] [idleberg.icon-fonts]: Unknown language in `contributes.icon-fonts.language`. Provided value: blade
2023-03-08 17:49:27.674 [error] [idleberg.icon-fonts]: Unknown language in `contributes.icon-fonts.language`. Provided value: blade
2023-03-08 17:49:27.674 [error] [idleberg.icon-fonts]: Unknown language in `contributes.icon-fonts.language`. Provided value: blade
2023-03-08 17:49:27.675 [error] [idleberg.icon-fonts]: Unknown language in `contributes.icon-fonts.language`. Provided value: blade
2023-03-08 17:49:27.675 [error] [idleberg.icon-fonts]: Unknown language in `contributes.icon-fonts.language`. Provided value: blade
2023-03-08 17:49:27.676 [error] [idleberg.icon-fonts]: Unknown language in `contributes.icon-fonts.language`. Provided value: blade
2023-03-08 17:49:27.677 [error] [idleberg.icon-fonts]: Unknown language in `contributes.icon-fonts.language`. Provided value: blade
2023-03-08 17:49:27.677 [error] [idleberg.icon-fonts]: Unknown language in `contributes.icon-fonts.language`. Provided value: vue-html
2023-03-08 17:49:27.678 [error] [idleberg.icon-fonts]: Unknown language in `contributes.icon-fonts.language`. Provided value: vue-html
2023-03-08 17:49:27.678 [error] [idleberg.icon-fonts]: Unknown language in `contributes.icon-fonts.language`. Provided value: vue-html
2023-03-08 17:49:27.679 [error] [idleberg.icon-fonts]: Unknown language in `contributes.icon-fonts.language`. Provided value: vue-html
2023-03-08 17:49:27.680 [error] [idleberg.icon-fonts]: Unknown language in `contributes.icon-fonts.language`. Provided value: vue-html
2023-03-08 17:49:27.680 [error] [idleberg.icon-fonts]: Unknown language in `contributes.icon-fonts.language`. Provided value: vue-html
2023-03-08 17:49:27.681 [error] [idleberg.icon-fonts]: Unknown language in `contributes.icon-fonts.language`. Provided value: vue-html
2023-03-08 17:49:27.681 [error] [idleberg.icon-fonts]: Unknown language in `contributes.icon-fonts.language`. Provided value: vue-html
2023-03-08 17:49:27.682 [error] [idleberg.icon-fonts]: Unknown language in `contributes.icon-fonts.language`. Provided value: vue-html
2023-03-08 17:49:27.682 [error] [idleberg.icon-fonts]: Unknown language in `contributes.icon-fonts.language`. Provided value: vue-html
2023-03-08 17:49:27.683 [error] [idleberg.icon-fonts]: Unknown language in `contributes.icon-fonts.language`. Provided value: vue-html
2023-03-08 17:49:27.683 [error] [idleberg.icon-fonts]: Unknown language in `contributes.icon-fonts.language`. Provided value: vue-html
2023-03-08 17:49:27.683 [error] [idleberg.icon-fonts]: Unknown language in `contributes.icon-fonts.language`. Provided value: vue-html
2023-03-08 17:49:27.684 [error] [idleberg.icon-fonts]: Unknown language in `contributes.icon-fonts.language`. Provided value: vue-html
2023-03-08 17:49:27.684 [error] [idleberg.icon-fonts]: Unknown language in `contributes.icon-fonts.language`. Provided value: vue-html
2023-03-08 17:49:27.684 [error] [idleberg.icon-fonts]: Unknown language in `contributes.icon-fonts.language`. Provided value: vue-html
2023-03-08 17:49:27.685 [error] [idleberg.icon-fonts]: Unknown language in `contributes.icon-fonts.language`. Provided value: vue-html
2023-03-08 17:49:27.685 [error] [idleberg.icon-fonts]: Unknown language in `contributes.icon-fonts.language`. Provided value: vue-html
2023-03-08 17:49:27.685 [error] [idleberg.icon-fonts]: Unknown language in `contributes.icon-fonts.language`. Provided value: vue-html
2023-03-08 17:49:27.686 [error] [idleberg.icon-fonts]: Unknown language in `contributes.icon-fonts.language`. Provided value: vue-html
2023-03-08 17:49:27.686 [error] [idleberg.icon-fonts]: Unknown language in `contributes.icon-fonts.language`. Provided value: vue-html
2023-03-08 17:49:27.686 [error] [idleberg.icon-fonts]: Unknown language in `contributes.icon-fonts.language`. Provided value: vue-html
2023-03-08 17:49:27.687 [error] [idleberg.icon-fonts]: Unknown language in `contributes.icon-fonts.language`. Provided value: vue-html
2023-03-08 17:49:27.687 [error] [idleberg.icon-fonts]: Unknown language in `contributes.icon-fonts.language`. Provided value: vue-html
2023-03-08 17:49:27.687 [error] [idleberg.icon-fonts]: Unknown language in `contributes.icon-fonts.language`. Provided value: vue-html
2023-03-08 17:49:27.688 [error] [idleberg.icon-fonts]: Unknown language in `contributes.icon-fonts.language`. Provided value: vue-html
2023-03-08 17:49:27.688 [error] [idleberg.icon-fonts]: Unknown language in `contributes.icon-fonts.language`. Provided value: vue-html
2023-03-08 17:49:27.688 [error] [idleberg.icon-fonts]: Unknown language in `contributes.icon-fonts.language`. Provided value: svelte
2023-03-08 17:49:27.689 [error] [idleberg.icon-fonts]: Unknown language in `contributes.icon-fonts.language`. Provided value: svelte
2023-03-08 17:49:27.689 [error] [idleberg.icon-fonts]: Unknown language in `contributes.icon-fonts.language`. Provided value: svelte
2023-03-08 17:49:27.690 [error] [idleberg.icon-fonts]: Unknown language in `contributes.icon-fonts.language`. Provided value: svelte
2023-03-08 17:49:27.690 [error] [idleberg.icon-fonts]: Unknown language in `contributes.icon-fonts.language`. Provided value: svelte
2023-03-08 17:49:27.691 [error] [idleberg.icon-fonts]: Unknown language in `contributes.icon-fonts.language`. Provided value: svelte
2023-03-08 17:49:27.691 [error] [idleberg.icon-fonts]: Unknown language in `contributes.icon-fonts.language`. Provided value: svelte
2023-03-08 17:49:27.691 [error] [idleberg.icon-fonts]: Unknown language in `contributes.icon-fonts.language`. Provided value: svelte
2023-03-08 17:49:27.692 [error] [idleberg.icon-fonts]: Unknown language in `contributes.icon-fonts.language`. Provided value: svelte
2023-03-08 17:49:27.692 [error] [idleberg.icon-fonts]: Unknown language in `contributes.icon-fonts.language`. Provided value: svelte
2023-03-08 17:49:27.692 [error] [idleberg.icon-fonts]: Unknown language in `contributes.icon-fonts.language`. Provided value: svelte
2023-03-08 17:49:27.693 [error] [idleberg.icon-fonts]: Unknown language in `contributes.icon-fonts.language`. Provided value: svelte
2023-03-08 17:49:27.693 [error] [idleberg.icon-fonts]: Unknown language in `contributes.icon-fonts.language`. Provided value: svelte
2023-03-08 17:49:27.693 [error] [idleberg.icon-fonts]: Unknown language in `contributes.icon-fonts.language`. Provided value: svelte
2023-03-08 17:49:27.694 [error] [idleberg.icon-fonts]: Unknown language in `contributes.icon-fonts.language`. Provided value: svelte
2023-03-08 17:49:27.694 [error] [idleberg.icon-fonts]: Unknown language in `contributes.icon-fonts.language`. Provided value: svelte
2023-03-08 17:49:27.695 [error] [idleberg.icon-fonts]: Unknown language in `contributes.icon-fonts.language`. Provided value: svelte
2023-03-08 17:49:27.695 [error] [idleberg.icon-fonts]: Unknown language in `contributes.icon-fonts.language`. Provided value: svelte
2023-03-08 17:49:27.696 [error] [idleberg.icon-fonts]: Unknown language in `contributes.icon-fonts.language`. Provided value: svelte
2023-03-08 17:49:27.697 [error] [idleberg.icon-fonts]: Unknown language in `contributes.icon-fonts.language`. Provided value: svelte
2023-03-08 17:49:27.697 [error] [idleberg.icon-fonts]: Unknown language in `contributes.icon-fonts.language`. Provided value: svelte
2023-03-08 17:49:27.697 [error] [idleberg.icon-fonts]: Unknown language in `contributes.icon-fonts.language`. Provided value: svelte
2023-03-08 17:49:27.698 [error] [idleberg.icon-fonts]: Unknown language in `contributes.icon-fonts.language`. Provided value: svelte
2023-03-08 17:49:27.698 [error] [idleberg.icon-fonts]: Unknown language in `contributes.icon-fonts.language`. Provided value: svelte
2023-03-08 17:49:27.699 [error] [idleberg.icon-fonts]: Unknown language in `contributes.icon-fonts.language`. Provided value: svelte
2023-03-08 17:49:27.699 [error] [idleberg.icon-fonts]: Unknown language in `contributes.icon-fonts.language`. Provided value: svelte
2023-03-08 17:49:27.699 [error] [idleberg.icon-fonts]: Unknown language in `contributes.icon-fonts.language`. Provided value: svelte
2023-03-08 17:49:31.892 [info] [perf] Render performance baseline is 119ms
2023-03-08 17:57:50.721 [error] Error: Unable to read file '/home/hawi/.vscode/extensions/idleberg.icon-fonts-2.5.4/snippets/css/fi.json' (Error: Unable to resolve nonexistent file '/home/hawi/.vscode/extensions/idleberg.icon-fonts-2.5.4/snippets/css/fi.json')
    at o.w (vscode-file://vscode-app/usr/share/code/resources/app/out/vs/workbench/workbench.desktop.main.js:615:17298)
    at o.v (vscode-file://vscode-app/usr/share/code/resources/app/out/vs/workbench/workbench.desktop.main.js:615:16960)
    at async o.u (vscode-file://vscode-app/usr/share/code/resources/app/out/vs/workbench/workbench.desktop.main.js:615:16242)
    at async C.readExtensionResource (vscode-file://vscode-app/usr/share/code/resources/app/out/vs/workbench/workbench.desktop.main.js:745:5674)
    at async Promise.all (index 26)
    at async k.getSnippets (vscode-file://vscode-app/usr/share/code/resources/app/out/vs/workbench/workbench.desktop.main.js:2008:4989)
    at async C (vscode-file://vscode-app/usr/share/code/resources/app/out/vs/workbench/workbench.desktop.main.js:1086:43056)
    at async Tr.provideCodeActions (vscode-file://vscode-app/usr/share/code/resources/app/out/vs/workbench/workbench.desktop.main.js:1200:144997)
    at async vscode-file://vscode-app/usr/share/code/resources/app/out/vs/workbench/workbench.desktop.main.js:647:67318
    at async Promise.all (index 2)
    at async a (vscode-file://vscode-app/usr/share/code/resources/app/out/vs/workbench/workbench.desktop.main.js:647:67744) file:///home/hawi/.vscode/extensions/idleberg.icon-fonts-2.5.4/snippets/css/fi.json
2023-03-08 17:57:50.829 [error] Error: Unable to read file '/home/hawi/.vscode/extensions/idleberg.icon-fonts-2.5.4/snippets/html/fi.json' (Error: Unable to resolve nonexistent file '/home/hawi/.vscode/extensions/idleberg.icon-fonts-2.5.4/snippets/html/fi.json')
    at o.w (vscode-file://vscode-app/usr/share/code/resources/app/out/vs/workbench/workbench.desktop.main.js:615:17298)
    at o.v (vscode-file://vscode-app/usr/share/code/resources/app/out/vs/workbench/workbench.desktop.main.js:615:16960)
    at async o.u (vscode-file://vscode-app/usr/share/code/resources/app/out/vs/workbench/workbench.desktop.main.js:615:16242)
    at async C.readExtensionResource (vscode-file://vscode-app/usr/share/code/resources/app/out/vs/workbench/workbench.desktop.main.js:745:5674)
    at async Promise.all (index 50)
    at async k.getSnippets (vscode-file://vscode-app/usr/share/code/resources/app/out/vs/workbench/workbench.desktop.main.js:2008:4989)
    at async C (vscode-file://vscode-app/usr/share/code/resources/app/out/vs/workbench/workbench.desktop.main.js:1086:43056)
    at async Tr.provideCodeActions (vscode-file://vscode-app/usr/share/code/resources/app/out/vs/workbench/workbench.desktop.main.js:1200:144997)
    at async vscode-file://vscode-app/usr/share/code/resources/app/out/vs/workbench/workbench.desktop.main.js:647:67318
    at async Promise.all (index 2)
    at async a (vscode-file://vscode-app/usr/share/code/resources/app/out/vs/workbench/workbench.desktop.main.js:647:67744) file:///home/hawi/.vscode/extensions/idleberg.icon-fonts-2.5.4/snippets/html/fi.json
2023-03-08 17:57:50.830 [error] Error: Unable to read file '/home/hawi/.vscode/extensions/idleberg.icon-fonts-2.5.4/snippets/jsx/fi.json' (Error: Unable to resolve nonexistent file '/home/hawi/.vscode/extensions/idleberg.icon-fonts-2.5.4/snippets/jsx/fi.json')
    at o.w (vscode-file://vscode-app/usr/share/code/resources/app/out/vs/workbench/workbench.desktop.main.js:615:17298)
    at o.v (vscode-file://vscode-app/usr/share/code/resources/app/out/vs/workbench/workbench.desktop.main.js:615:16960)
    at async o.u (vscode-file://vscode-app/usr/share/code/resources/app/out/vs/workbench/workbench.desktop.main.js:615:16242)
    at async C.readExtensionResource (vscode-file://vscode-app/usr/share/code/resources/app/out/vs/workbench/workbench.desktop.main.js:745:5674)
    at async Promise.all (index 77)
    at async k.getSnippets (vscode-file://vscode-app/usr/share/code/resources/app/out/vs/workbench/workbench.desktop.main.js:2008:4989)
    at async C (vscode-file://vscode-app/usr/share/code/resources/app/out/vs/workbench/workbench.desktop.main.js:1086:43056)
    at async Tr.provideCodeActions (vscode-file://vscode-app/usr/share/code/resources/app/out/vs/workbench/workbench.desktop.main.js:1200:144997)
    at async vscode-file://vscode-app/usr/share/code/resources/app/out/vs/workbench/workbench.desktop.main.js:647:67318
    at async Promise.all (index 2)
    at async a (vscode-file://vscode-app/usr/share/code/resources/app/out/vs/workbench/workbench.desktop.main.js:647:67744) file:///home/hawi/.vscode/extensions/idleberg.icon-fonts-2.5.4/snippets/jsx/fi.json
2023-03-08 17:57:50.830 [error] Error: Unable to read file '/home/hawi/.vscode/extensions/idleberg.icon-fonts-2.5.4/snippets/jsx/geomicon.json' (Error: Unable to resolve nonexistent file '/home/hawi/.vscode/extensions/idleberg.icon-fonts-2.5.4/snippets/jsx/geomicon.json')
    at o.w (vscode-file://vscode-app/usr/share/code/resources/app/out/vs/workbench/workbench.desktop.main.js:615:17298)
    at o.v (vscode-file://vscode-app/usr/share/code/resources/app/out/vs/workbench/workbench.desktop.main.js:615:16960)
    at async o.u (vscode-file://vscode-app/usr/share/code/resources/app/out/vs/workbench/workbench.desktop.main.js:615:16242)
    at async C.readExtensionResource (vscode-file://vscode-app/usr/share/code/resources/app/out/vs/workbench/workbench.desktop.main.js:745:5674)
    at async Promise.all (index 79)
    at async k.getSnippets (vscode-file://vscode-app/usr/share/code/resources/app/out/vs/workbench/workbench.desktop.main.js:2008:4989)
    at async C (vscode-file://vscode-app/usr/share/code/resources/app/out/vs/workbench/workbench.desktop.main.js:1086:43056)
    at async Tr.provideCodeActions (vscode-file://vscode-app/usr/share/code/resources/app/out/vs/workbench/workbench.desktop.main.js:1200:144997)
    at async vscode-file://vscode-app/usr/share/code/resources/app/out/vs/workbench/workbench.desktop.main.js:647:67318
    at async Promise.all (index 2)
    at async a (vscode-file://vscode-app/usr/share/code/resources/app/out/vs/workbench/workbench.desktop.main.js:647:67744) file:///home/hawi/.vscode/extensions/idleberg.icon-fonts-2.5.4/snippets/jsx/geomicon.json
2023-03-08 17:57:50.976 [error] Error: Unable to read file '/home/hawi/.vscode/extensions/idleberg.icon-fonts-2.5.4/snippets/css/fi.json' (Error: Unable to resolve nonexistent file '/home/hawi/.vscode/extensions/idleberg.icon-fonts-2.5.4/snippets/css/fi.json')
    at o.w (vscode-file://vscode-app/usr/share/code/resources/app/out/vs/workbench/workbench.desktop.main.js:615:17298)
    at o.v (vscode-file://vscode-app/usr/share/code/resources/app/out/vs/workbench/workbench.desktop.main.js:615:16960)
    at async o.u (vscode-file://vscode-app/usr/share/code/resources/app/out/vs/workbench/workbench.desktop.main.js:615:16242)
    at async C.readExtensionResource (vscode-file://vscode-app/usr/share/code/resources/app/out/vs/workbench/workbench.desktop.main.js:745:5674)
    at async Promise.all (index 26)
    at async k.getSnippets (vscode-file://vscode-app/usr/share/code/resources/app/out/vs/workbench/workbench.desktop.main.js:2008:4989)
    at async C (vscode-file://vscode-app/usr/share/code/resources/app/out/vs/workbench/workbench.desktop.main.js:1086:43056)
    at async Tr.provideCodeActions (vscode-file://vscode-app/usr/share/code/resources/app/out/vs/workbench/workbench.desktop.main.js:1200:144997)
    at async vscode-file://vscode-app/usr/share/code/resources/app/out/vs/workbench/workbench.desktop.main.js:647:67318
    at async Promise.all (index 2)
    at async a (vscode-file://vscode-app/usr/share/code/resources/app/out/vs/workbench/workbench.desktop.main.js:647:67744) file:///home/hawi/.vscode/extensions/idleberg.icon-fonts-2.5.4/snippets/css/fi.json
2023-03-08 17:57:50.977 [error] Error: Unable to read file '/home/hawi/.vscode/extensions/idleberg.icon-fonts-2.5.4/snippets/html/fi.json' (Error: Unable to resolve nonexistent file '/home/hawi/.vscode/extensions/idleberg.icon-fonts-2.5.4/snippets/html/fi.json')
    at o.w (vscode-file://vscode-app/usr/share/code/resources/app/out/vs/workbench/workbench.desktop.main.js:615:17298)
    at o.v (vscode-file://vscode-app/usr/share/code/resources/app/out/vs/workbench/workbench.desktop.main.js:615:16960)
    at async o.u (vscode-file://vscode-app/usr/share/code/resources/app/out/vs/workbench/workbench.desktop.main.js:615:16242)
    at async C.readExtensionResource (vscode-file://vscode-app/usr/share/code/resources/app/out/vs/workbench/workbench.desktop.main.js:745:5674)
    at async Promise.all (index 50)
    at async k.getSnippets (vscode-file://vscode-app/usr/share/code/resources/app/out/vs/workbench/workbench.desktop.main.js:2008:4989)
    at async C (vscode-file://vscode-app/usr/share/code/resources/app/out/vs/workbench/workbench.desktop.main.js:1086:43056)
    at async Tr.provideCodeActions (vscode-file://vscode-app/usr/share/code/resources/app/out/vs/workbench/workbench.desktop.main.js:1200:144997)
    at async vscode-file://vscode-app/usr/share/code/resources/app/out/vs/workbench/workbench.desktop.main.js:647:67318
    at async Promise.all (index 2)
    at async a (vscode-file://vscode-app/usr/share/code/resources/app/out/vs/workbench/workbench.desktop.main.js:647:67744) file:///home/hawi/.vscode/extensions/idleberg.icon-fonts-2.5.4/snippets/html/fi.json
2023-03-08 17:57:50.978 [error] Error: Unable to read file '/home/hawi/.vscode/extensions/idleberg.icon-fonts-2.5.4/snippets/jsx/fi.json' (Error: Unable to resolve nonexistent file '/home/hawi/.vscode/extensions/idleberg.icon-fonts-2.5.4/snippets/jsx/fi.json')
    at o.w (vscode-file://vscode-app/usr/share/code/resources/app/out/vs/workbench/workbench.desktop.main.js:615:17298)
    at o.v (vscode-file://vscode-app/usr/share/code/resources/app/out/vs/workbench/workbench.desktop.main.js:615:16960)
    at async o.u (vscode-file://vscode-app/usr/share/code/resources/app/out/vs/workbench/workbench.desktop.main.js:615:16242)
    at async C.readExtensionResource (vscode-file://vscode-app/usr/share/code/resources/app/out/vs/workbench/workbench.desktop.main.js:745:5674)
    at async Promise.all (index 77)
    at async k.getSnippets (vscode-file://vscode-app/usr/share/code/resources/app/out/vs/workbench/workbench.desktop.main.js:2008:4989)
    at async C (vscode-file://vscode-app/usr/share/code/resources/app/out/vs/workbench/workbench.desktop.main.js:1086:43056)
    at async Tr.provideCodeActions (vscode-file://vscode-app/usr/share/code/resources/app/out/vs/workbench/workbench.desktop.main.js:1200:144997)
    at async vscode-file://vscode-app/usr/share/code/resources/app/out/vs/workbench/workbench.desktop.main.js:647:67318
    at async Promise.all (index 2)
    at async a (vscode-file://vscode-app/usr/share/code/resources/app/out/vs/workbench/workbench.desktop.main.js:647:67744) file:///home/hawi/.vscode/extensions/idleberg.icon-fonts-2.5.4/snippets/jsx/fi.json
2023-03-08 17:57:50.980 [error] Error: Unable to read file '/home/hawi/.vscode/extensions/idleberg.icon-fonts-2.5.4/snippets/jsx/geomicon.json' (Error: Unable to resolve nonexistent file '/home/hawi/.vscode/extensions/idleberg.icon-fonts-2.5.4/snippets/jsx/geomicon.json')
    at o.w (vscode-file://vscode-app/usr/share/code/resources/app/out/vs/workbench/workbench.desktop.main.js:615:17298)
    at o.v (vscode-file://vscode-app/usr/share/code/resources/app/out/vs/workbench/workbench.desktop.main.js:615:16960)
    at async o.u (vscode-file://vscode-app/usr/share/code/resources/app/out/vs/workbench/workbench.desktop.main.js:615:16242)
    at async C.readExtensionResource (vscode-file://vscode-app/usr/share/code/resources/app/out/vs/workbench/workbench.desktop.main.js:745:5674)
    at async Promise.all (index 79)
    at async k.getSnippets (vscode-file://vscode-app/usr/share/code/resources/app/out/vs/workbench/workbench.desktop.main.js:2008:4989)
    at async C (vscode-file://vscode-app/usr/share/code/resources/app/out/vs/workbench/workbench.desktop.main.js:1086:43056)
    at async Tr.provideCodeActions (vscode-file://vscode-app/usr/share/code/resources/app/out/vs/workbench/workbench.desktop.main.js:1200:144997)
    at async vscode-file://vscode-app/usr/share/code/resources/app/out/vs/workbench/workbench.desktop.main.js:647:67318
    at async Promise.all (index 2)
    at async a (vscode-file://vscode-app/usr/share/code/resources/app/out/vs/workbench/workbench.desktop.main.js:647:67744) file:///home/hawi/.vscode/extensions/idleberg.icon-fonts-2.5.4/snippets/jsx/geomicon.json
2023-03-08 17:57:53.071 [error] Error: Unable to read file '/home/hawi/.vscode/extensions/idleberg.icon-fonts-2.5.4/snippets/css/fi.json' (Error: Unable to resolve nonexistent file '/home/hawi/.vscode/extensions/idleberg.icon-fonts-2.5.4/snippets/css/fi.json')
    at o.w (vscode-file://vscode-app/usr/share/code/resources/app/out/vs/workbench/workbench.desktop.main.js:615:17298)
    at o.v (vscode-file://vscode-app/usr/share/code/resources/app/out/vs/workbench/workbench.desktop.main.js:615:16960)
    at async o.u (vscode-file://vscode-app/usr/share/code/resources/app/out/vs/workbench/workbench.desktop.main.js:615:16242)
    at async C.readExtensionResource (vscode-file://vscode-app/usr/share/code/resources/app/out/vs/workbench/workbench.desktop.main.js:745:5674)
    at async Promise.all (index 26)
    at async k.getSnippets (vscode-file://vscode-app/usr/share/code/resources/app/out/vs/workbench/workbench.desktop.main.js:2008:4989)
    at async C (vscode-file://vscode-app/usr/share/code/resources/app/out/vs/workbench/workbench.desktop.main.js:1086:43056)
    at async Tr.provideCodeActions (vscode-file://vscode-app/usr/share/code/resources/app/out/vs/workbench/workbench.desktop.main.js:1200:144997)
    at async vscode-file://vscode-app/usr/share/code/resources/app/out/vs/workbench/workbench.desktop.main.js:647:67318
    at async Promise.all (index 2)
    at async a (vscode-file://vscode-app/usr/share/code/resources/app/out/vs/workbench/workbench.desktop.main.js:647:67744) file:///home/hawi/.vscode/extensions/idleberg.icon-fonts-2.5.4/snippets/css/fi.json
2023-03-08 17:57:53.073 [error] Error: Unable to read file '/home/hawi/.vscode/extensions/idleberg.icon-fonts-2.5.4/snippets/html/fi.json' (Error: Unable to resolve nonexistent file '/home/hawi/.vscode/extensions/idleberg.icon-fonts-2.5.4/snippets/html/fi.json')
    at o.w (vscode-file://vscode-app/usr/share/code/resources/app/out/vs/workbench/workbench.desktop.main.js:615:17298)
    at o.v (vscode-file://vscode-app/usr/share/code/resources/app/out/vs/workbench/workbench.desktop.main.js:615:16960)
    at async o.u (vscode-file://vscode-app/usr/share/code/resources/app/out/vs/workbench/workbench.desktop.main.js:615:16242)
    at async C.readExtensionResource (vscode-file://vscode-app/usr/share/code/resources/app/out/vs/workbench/workbench.desktop.main.js:745:5674)
    at async Promise.all (index 50)
    at async k.getSnippets (vscode-file://vscode-app/usr/share/code/resources/app/out/vs/workbench/workbench.desktop.main.js:2008:4989)
    at async C (vscode-file://vscode-app/usr/share/code/resources/app/out/vs/workbench/workbench.desktop.main.js:1086:43056)
    at async Tr.provideCodeActions (vscode-file://vscode-app/usr/share/code/resources/app/out/vs/workbench/workbench.desktop.main.js:1200:144997)
    at async vscode-file://vscode-app/usr/share/code/resources/app/out/vs/workbench/workbench.desktop.main.js:647:67318
    at async Promise.all (index 2)
    at async a (vscode-file://vscode-app/usr/share/code/resources/app/out/vs/workbench/workbench.desktop.main.js:647:67744) file:///home/hawi/.vscode/extensions/idleberg.icon-fonts-2.5.4/snippets/html/fi.json
2023-03-08 17:57:53.074 [error] Error: Unable to read file '/home/hawi/.vscode/extensions/idleberg.icon-fonts-2.5.4/snippets/jsx/fi.json' (Error: Unable to resolve nonexistent file '/home/hawi/.vscode/extensions/idleberg.icon-fonts-2.5.4/snippets/jsx/fi.json')
    at o.w (vscode-file://vscode-app/usr/share/code/resources/app/out/vs/workbench/workbench.desktop.main.js:615:17298)
    at o.v (vscode-file://vscode-app/usr/share/code/resources/app/out/vs/workbench/workbench.desktop.main.js:615:16960)
    at async o.u (vscode-file://vscode-app/usr/share/code/resources/app/out/vs/workbench/workbench.desktop.main.js:615:16242)
    at async C.readExtensionResource (vscode-file://vscode-app/usr/share/code/resources/app/out/vs/workbench/workbench.desktop.main.js:745:5674)
    at async Promise.all (index 77)
    at async k.getSnippets (vscode-file://vscode-app/usr/share/code/resources/app/out/vs/workbench/workbench.desktop.main.js:2008:4989)
    at async C (vscode-file://vscode-app/usr/share/code/resources/app/out/vs/workbench/workbench.desktop.main.js:1086:43056)
    at async Tr.provideCodeActions (vscode-file://vscode-app/usr/share/code/resources/app/out/vs/workbench/workbench.desktop.main.js:1200:144997)
    at async vscode-file://vscode-app/usr/share/code/resources/app/out/vs/workbench/workbench.desktop.main.js:647:67318
    at async Promise.all (index 2)
    at async a (vscode-file://vscode-app/usr/share/code/resources/app/out/vs/workbench/workbench.desktop.main.js:647:67744) file:///home/hawi/.vscode/extensions/idleberg.icon-fonts-2.5.4/snippets/jsx/fi.json
2023-03-08 17:57:53.074 [error] Error: Unable to read file '/home/hawi/.vscode/extensions/idleberg.icon-fonts-2.5.4/snippets/jsx/geomicon.json' (Error: Unable to resolve nonexistent file '/home/hawi/.vscode/extensions/idleberg.icon-fonts-2.5.4/snippets/jsx/geomicon.json')
    at o.w (vscode-file://vscode-app/usr/share/code/resources/app/out/vs/workbench/workbench.desktop.main.js:615:17298)
    at o.v (vscode-file://vscode-app/usr/share/code/resources/app/out/vs/workbench/workbench.desktop.main.js:615:16960)
    at async o.u (vscode-file://vscode-app/usr/share/code/resources/app/out/vs/workbench/workbench.desktop.main.js:615:16242)
    at async C.readExtensionResource (vscode-file://vscode-app/usr/share/code/resources/app/out/vs/workbench/workbench.desktop.main.js:745:5674)
    at async Promise.all (index 79)
    at async k.getSnippets (vscode-file://vscode-app/usr/share/code/resources/app/out/vs/workbench/workbench.desktop.main.js:2008:4989)
    at async C (vscode-file://vscode-app/usr/share/code/resources/app/out/vs/workbench/workbench.desktop.main.js:1086:43056)
    at async Tr.provideCodeActions (vscode-file://vscode-app/usr/share/code/resources/app/out/vs/workbench/workbench.desktop.main.js:1200:144997)
    at async vscode-file://vscode-app/usr/share/code/resources/app/out/vs/workbench/workbench.desktop.main.js:647:67318
    at async Promise.all (index 2)
    at async a (vscode-file://vscode-app/usr/share/code/resources/app/out/vs/workbench/workbench.desktop.main.js:647:67744) file:///home/hawi/.vscode/extensions/idleberg.icon-fonts-2.5.4/snippets/jsx/geomicon.json
