2023-03-03 09:46:16.624 [info] Extension host with pid 14423 started
2023-03-03 09:46:17.718 [info] ExtensionService#_doActivateExtension vscode.emmet, startup: false, activationEvent: 'onLanguage'
2023-03-03 09:46:17.857 [info] ExtensionService#_doActivateExtension vscode.github-authentication, startup: false, activationEvent: 'onAuthenticationRequest:github'
2023-03-03 09:46:18.101 [info] ExtensionService#_doActivateExtension vscode.git-base, startup: true, activationEvent: '*', root cause: vscode.git
2023-03-03 09:46:18.149 [info] ExtensionService#_doActivateExtension kamikillerto.vscode-colorize, startup: true, activationEvent: '*'
2023-03-03 09:46:19.320 [info] Extension host terminating: parent process 14373 does not exist anymore: kill ESRCH (code: ESRCH) (errno: -3)
2023-03-03 09:46:19.321 [info] Extension host with pid 14423 exiting with code 0
2023-03-03 09:46:19.330 [info] Eager extensions activated
2023-03-03 09:46:19.331 [error] Activating extension vscode.debug-auto-launch failed due to an error:
2023-03-03 09:46:19.331 [error] Canceled: Canceled
	at new u (/usr/share/code/resources/app/out/vs/workbench/api/node/extensionHostProcess.js:96:88070)
	at l.O (/usr/share/code/resources/app/out/vs/workbench/api/node/extensionHostProcess.js:106:11276)
	at V.<computed>.M.charCodeAt.V.<computed> (/usr/share/code/resources/app/out/vs/workbench/api/node/extensionHostProcess.js:106:8557)
	at f.Y (/usr/share/code/resources/app/out/vs/workbench/api/node/extensionHostProcess.js:108:11499)
	at Object.actualActivateExtension (/usr/share/code/resources/app/out/vs/workbench/api/node/extensionHostProcess.js:108:8535)
	at f.n (/usr/share/code/resources/app/out/vs/workbench/api/node/extensionHostProcess.js:94:6831)
	at f.m (/usr/share/code/resources/app/out/vs/workbench/api/node/extensionHostProcess.js:94:6792)
	at f.l (/usr/share/code/resources/app/out/vs/workbench/api/node/extensionHostProcess.js:94:6249)
	at new f (/usr/share/code/resources/app/out/vs/workbench/api/node/extensionHostProcess.js:94:6176)
	at E.k (/usr/share/code/resources/app/out/vs/workbench/api/node/extensionHostProcess.js:94:5656)
	at E.j (/usr/share/code/resources/app/out/vs/workbench/api/node/extensionHostProcess.js:94:5611)
	at /usr/share/code/resources/app/out/vs/workbench/api/node/extensionHostProcess.js:94:4445
	at Array.map (<anonymous>)
	at E.h (/usr/share/code/resources/app/out/vs/workbench/api/node/extensionHostProcess.js:94:4433)
	at E.activateById (/usr/share/code/resources/app/out/vs/workbench/api/node/extensionHostProcess.js:94:4345)
	at f.S (/usr/share/code/resources/app/out/vs/workbench/api/node/extensionHostProcess.js:108:10021)
	at f.eb (/usr/share/code/resources/app/out/vs/workbench/api/node/extensionHostProcess.js:108:15029)
	at f.fb (/usr/share/code/resources/app/out/vs/workbench/api/node/extensionHostProcess.js:108:15325)
	at /usr/share/code/resources/app/out/vs/workbench/api/node/extensionHostProcess.js:108:15620
	at runNextTicks (node:internal/process/task_queues:61:5)
	at process.processTimers (node:internal/timers:499:9)
2023-03-03 09:46:19.331 [error] Activating extension vscode.merge-conflict failed due to an error:
2023-03-03 09:46:19.332 [error] Canceled: Canceled
	at new u (/usr/share/code/resources/app/out/vs/workbench/api/node/extensionHostProcess.js:96:88070)
	at l.O (/usr/share/code/resources/app/out/vs/workbench/api/node/extensionHostProcess.js:106:11276)
	at V.<computed>.M.charCodeAt.V.<computed> (/usr/share/code/resources/app/out/vs/workbench/api/node/extensionHostProcess.js:106:8557)
	at f.Y (/usr/share/code/resources/app/out/vs/workbench/api/node/extensionHostProcess.js:108:11499)
	at Object.actualActivateExtension (/usr/share/code/resources/app/out/vs/workbench/api/node/extensionHostProcess.js:108:8535)
	at f.n (/usr/share/code/resources/app/out/vs/workbench/api/node/extensionHostProcess.js:94:6831)
	at f.m (/usr/share/code/resources/app/out/vs/workbench/api/node/extensionHostProcess.js:94:6792)
	at f.l (/usr/share/code/resources/app/out/vs/workbench/api/node/extensionHostProcess.js:94:6249)
	at new f (/usr/share/code/resources/app/out/vs/workbench/api/node/extensionHostProcess.js:94:6176)
	at E.k (/usr/share/code/resources/app/out/vs/workbench/api/node/extensionHostProcess.js:94:5656)
	at E.j (/usr/share/code/resources/app/out/vs/workbench/api/node/extensionHostProcess.js:94:5611)
	at /usr/share/code/resources/app/out/vs/workbench/api/node/extensionHostProcess.js:94:4445
	at Array.map (<anonymous>)
	at E.h (/usr/share/code/resources/app/out/vs/workbench/api/node/extensionHostProcess.js:94:4433)
	at E.activateById (/usr/share/code/resources/app/out/vs/workbench/api/node/extensionHostProcess.js:94:4345)
	at f.S (/usr/share/code/resources/app/out/vs/workbench/api/node/extensionHostProcess.js:108:10021)
	at f.eb (/usr/share/code/resources/app/out/vs/workbench/api/node/extensionHostProcess.js:108:15029)
	at f.fb (/usr/share/code/resources/app/out/vs/workbench/api/node/extensionHostProcess.js:108:15325)
	at /usr/share/code/resources/app/out/vs/workbench/api/node/extensionHostProcess.js:108:15620
	at runNextTicks (node:internal/process/task_queues:61:5)
	at process.processTimers (node:internal/timers:499:9)
2023-03-03 09:46:19.332 [error] Activating extension vscode.npm failed due to an error:
2023-03-03 09:46:19.332 [error] Canceled: Canceled
	at new u (/usr/share/code/resources/app/out/vs/workbench/api/node/extensionHostProcess.js:96:88070)
	at l.O (/usr/share/code/resources/app/out/vs/workbench/api/node/extensionHostProcess.js:106:11276)
	at V.<computed>.M.charCodeAt.V.<computed> (/usr/share/code/resources/app/out/vs/workbench/api/node/extensionHostProcess.js:106:8557)
	at f.Y (/usr/share/code/resources/app/out/vs/workbench/api/node/extensionHostProcess.js:108:11499)
	at Object.actualActivateExtension (/usr/share/code/resources/app/out/vs/workbench/api/node/extensionHostProcess.js:108:8535)
	at f.n (/usr/share/code/resources/app/out/vs/workbench/api/node/extensionHostProcess.js:94:6831)
	at f.m (/usr/share/code/resources/app/out/vs/workbench/api/node/extensionHostProcess.js:94:6792)
	at f.l (/usr/share/code/resources/app/out/vs/workbench/api/node/extensionHostProcess.js:94:6249)
	at new f (/usr/share/code/resources/app/out/vs/workbench/api/node/extensionHostProcess.js:94:6176)
	at E.k (/usr/share/code/resources/app/out/vs/workbench/api/node/extensionHostProcess.js:94:5656)
	at E.j (/usr/share/code/resources/app/out/vs/workbench/api/node/extensionHostProcess.js:94:5611)
	at E.j (/usr/share/code/resources/app/out/vs/workbench/api/node/extensionHostProcess.js:94:5278)
	at /usr/share/code/resources/app/out/vs/workbench/api/node/extensionHostProcess.js:94:4445
	at Array.map (<anonymous>)
	at E.h (/usr/share/code/resources/app/out/vs/workbench/api/node/extensionHostProcess.js:94:4433)
	at E.activateById (/usr/share/code/resources/app/out/vs/workbench/api/node/extensionHostProcess.js:94:4345)
	at f.S (/usr/share/code/resources/app/out/vs/workbench/api/node/extensionHostProcess.js:108:10021)
	at f.eb (/usr/share/code/resources/app/out/vs/workbench/api/node/extensionHostProcess.js:108:15029)
	at f.fb (/usr/share/code/resources/app/out/vs/workbench/api/node/extensionHostProcess.js:108:15325)
	at /usr/share/code/resources/app/out/vs/workbench/api/node/extensionHostProcess.js:108:15620
	at runNextTicks (node:internal/process/task_queues:61:5)
	at process.processTimers (node:internal/timers:499:9)
2023-03-03 09:46:19.333 [error] Activating extension ms-vscode-remote.remote-wsl failed due to an error:
2023-03-03 09:46:19.333 [error] Canceled: Canceled
	at new u (/usr/share/code/resources/app/out/vs/workbench/api/node/extensionHostProcess.js:96:88070)
	at l.O (/usr/share/code/resources/app/out/vs/workbench/api/node/extensionHostProcess.js:106:11276)
	at V.<computed>.M.charCodeAt.V.<computed> (/usr/share/code/resources/app/out/vs/workbench/api/node/extensionHostProcess.js:106:8557)
	at f.Y (/usr/share/code/resources/app/out/vs/workbench/api/node/extensionHostProcess.js:108:11499)
	at Object.actualActivateExtension (/usr/share/code/resources/app/out/vs/workbench/api/node/extensionHostProcess.js:108:8535)
	at f.n (/usr/share/code/resources/app/out/vs/workbench/api/node/extensionHostProcess.js:94:6831)
	at f.m (/usr/share/code/resources/app/out/vs/workbench/api/node/extensionHostProcess.js:94:6792)
	at f.l (/usr/share/code/resources/app/out/vs/workbench/api/node/extensionHostProcess.js:94:6249)
	at new f (/usr/share/code/resources/app/out/vs/workbench/api/node/extensionHostProcess.js:94:6176)
	at E.k (/usr/share/code/resources/app/out/vs/workbench/api/node/extensionHostProcess.js:94:5656)
	at E.j (/usr/share/code/resources/app/out/vs/workbench/api/node/extensionHostProcess.js:94:5611)
	at /usr/share/code/resources/app/out/vs/workbench/api/node/extensionHostProcess.js:94:4445
	at Array.map (<anonymous>)
	at E.h (/usr/share/code/resources/app/out/vs/workbench/api/node/extensionHostProcess.js:94:4433)
	at E.activateById (/usr/share/code/resources/app/out/vs/workbench/api/node/extensionHostProcess.js:94:4345)
	at f.S (/usr/share/code/resources/app/out/vs/workbench/api/node/extensionHostProcess.js:108:10021)
	at f.eb (/usr/share/code/resources/app/out/vs/workbench/api/node/extensionHostProcess.js:108:15029)
	at f.fb (/usr/share/code/resources/app/out/vs/workbench/api/node/extensionHostProcess.js:108:15325)
	at /usr/share/code/resources/app/out/vs/workbench/api/node/extensionHostProcess.js:108:15620
	at runNextTicks (node:internal/process/task_queues:61:5)
	at process.processTimers (node:internal/timers:499:9)
2023-03-03 09:46:19.334 [error] Activating extension ritwickdey.LiveServer failed due to an error:
2023-03-03 09:46:19.334 [error] Canceled: Canceled
	at new u (/usr/share/code/resources/app/out/vs/workbench/api/node/extensionHostProcess.js:96:88070)
	at l.O (/usr/share/code/resources/app/out/vs/workbench/api/node/extensionHostProcess.js:106:11276)
	at V.<computed>.M.charCodeAt.V.<computed> (/usr/share/code/resources/app/out/vs/workbench/api/node/extensionHostProcess.js:106:8557)
	at f.Y (/usr/share/code/resources/app/out/vs/workbench/api/node/extensionHostProcess.js:108:11499)
	at Object.actualActivateExtension (/usr/share/code/resources/app/out/vs/workbench/api/node/extensionHostProcess.js:108:8535)
	at f.n (/usr/share/code/resources/app/out/vs/workbench/api/node/extensionHostProcess.js:94:6831)
	at f.m (/usr/share/code/resources/app/out/vs/workbench/api/node/extensionHostProcess.js:94:6792)
	at f.l (/usr/share/code/resources/app/out/vs/workbench/api/node/extensionHostProcess.js:94:6249)
	at new f (/usr/share/code/resources/app/out/vs/workbench/api/node/extensionHostProcess.js:94:6176)
	at E.k (/usr/share/code/resources/app/out/vs/workbench/api/node/extensionHostProcess.js:94:5656)
	at E.j (/usr/share/code/resources/app/out/vs/workbench/api/node/extensionHostProcess.js:94:5611)
	at /usr/share/code/resources/app/out/vs/workbench/api/node/extensionHostProcess.js:94:4445
	at Array.map (<anonymous>)
	at E.h (/usr/share/code/resources/app/out/vs/workbench/api/node/extensionHostProcess.js:94:4433)
	at E.activateById (/usr/share/code/resources/app/out/vs/workbench/api/node/extensionHostProcess.js:94:4345)
	at f.S (/usr/share/code/resources/app/out/vs/workbench/api/node/extensionHostProcess.js:108:10021)
	at f.eb (/usr/share/code/resources/app/out/vs/workbench/api/node/extensionHostProcess.js:108:15029)
	at f.fb (/usr/share/code/resources/app/out/vs/workbench/api/node/extensionHostProcess.js:108:15325)
	at /usr/share/code/resources/app/out/vs/workbench/api/node/extensionHostProcess.js:108:15620
	at runNextTicks (node:internal/process/task_queues:61:5)
	at process.processTimers (node:internal/timers:499:9)
2023-03-03 09:46:19.334 [error] Activating extension ymotongpoo.licenser failed due to an error:
2023-03-03 09:46:19.334 [error] Canceled: Canceled
	at new u (/usr/share/code/resources/app/out/vs/workbench/api/node/extensionHostProcess.js:96:88070)
	at l.O (/usr/share/code/resources/app/out/vs/workbench/api/node/extensionHostProcess.js:106:11276)
	at V.<computed>.M.charCodeAt.V.<computed> (/usr/share/code/resources/app/out/vs/workbench/api/node/extensionHostProcess.js:106:8557)
	at f.Y (/usr/share/code/resources/app/out/vs/workbench/api/node/extensionHostProcess.js:108:11499)
	at Object.actualActivateExtension (/usr/share/code/resources/app/out/vs/workbench/api/node/extensionHostProcess.js:108:8535)
	at f.n (/usr/share/code/resources/app/out/vs/workbench/api/node/extensionHostProcess.js:94:6831)
	at f.m (/usr/share/code/resources/app/out/vs/workbench/api/node/extensionHostProcess.js:94:6792)
	at f.l (/usr/share/code/resources/app/out/vs/workbench/api/node/extensionHostProcess.js:94:6249)
	at new f (/usr/share/code/resources/app/out/vs/workbench/api/node/extensionHostProcess.js:94:6176)
	at E.k (/usr/share/code/resources/app/out/vs/workbench/api/node/extensionHostProcess.js:94:5656)
	at E.j (/usr/share/code/resources/app/out/vs/workbench/api/node/extensionHostProcess.js:94:5611)
	at /usr/share/code/resources/app/out/vs/workbench/api/node/extensionHostProcess.js:94:4445
	at Array.map (<anonymous>)
	at E.h (/usr/share/code/resources/app/out/vs/workbench/api/node/extensionHostProcess.js:94:4433)
	at E.activateById (/usr/share/code/resources/app/out/vs/workbench/api/node/extensionHostProcess.js:94:4345)
	at f.S (/usr/share/code/resources/app/out/vs/workbench/api/node/extensionHostProcess.js:108:10021)
	at f.eb (/usr/share/code/resources/app/out/vs/workbench/api/node/extensionHostProcess.js:108:15029)
	at f.fb (/usr/share/code/resources/app/out/vs/workbench/api/node/extensionHostProcess.js:108:15325)
	at /usr/share/code/resources/app/out/vs/workbench/api/node/extensionHostProcess.js:108:15620
	at runNextTicks (node:internal/process/task_queues:61:5)
	at process.processTimers (node:internal/timers:499:9)
