2023-03-09 08:55:12.420 [info] Log level: Info
2023-03-09 08:55:12.420 [info] Validating found git in: "git"
2023-03-09 08:55:12.515 [info] Using git "2.39.2" from "git"
2023-03-09 08:55:12.800 [info] > git rev-parse --show-toplevel [272ms]
2023-03-09 08:55:12.823 [info] > git rev-parse --git-dir --git-common-dir [1ms]
2023-03-09 08:55:12.844 [info] Open repository: /home/hawi/phase-0-html-experiencing-html-lab
2023-03-09 08:55:12.870 [info] > git rev-parse --show-toplevel [12ms]
2023-03-09 08:55:12.894 [info] > git rev-parse --show-toplevel [15ms]
2023-03-09 08:55:12.897 [info] > git config --get commit.template [28ms]
2023-03-09 08:55:15.001 [info] > git for-each-ref --format=%(refname)%00%(upstream:short)%00%(objectname)%00%(upstream:track)%00%(upstream:remotename)%00%(upstream:remoteref) refs/heads/master refs/remotes/master [2109ms]
2023-03-09 08:55:15.307 [info] > git check-ignore -v -z --stdin [312ms]
2023-03-09 08:55:15.309 [info] > git status -z -uall [298ms]
2023-03-09 08:55:15.389 [info] > git config --get commit.template [11ms]
2023-03-09 08:55:15.405 [info] > git for-each-ref --format=%(refname)%00%(upstream:short)%00%(objectname)%00%(upstream:track)%00%(upstream:remotename)%00%(upstream:remoteref) refs/heads/master refs/remotes/master [7ms]
2023-03-09 08:55:15.445 [info] > git status -z -uall [31ms]
2023-03-09 08:55:15.482 [info] > git show --textconv :my_list.html [137ms]
2023-03-09 08:55:15.483 [info] > git ls-files --stage -- /home/hawi/phase-0-html-experiencing-html-lab/my_list.html [120ms]
2023-03-09 08:59:15.166 [info] > git config --get commit.template [3ms]
2023-03-09 08:59:15.177 [info] > git for-each-ref --format=%(refname)%00%(upstream:short)%00%(objectname)%00%(upstream:track)%00%(upstream:remotename)%00%(upstream:remoteref) refs/heads/master refs/remotes/master [3ms]
2023-03-09 08:59:15.189 [info] > git status -z -uall [4ms]
2023-03-09 09:02:52.429 [info] > git config --get commit.template [2ms]
2023-03-09 09:02:52.444 [info] > git for-each-ref --format=%(refname)%00%(upstream:short)%00%(objectname)%00%(upstream:track)%00%(upstream:remotename)%00%(upstream:remoteref) refs/heads/master refs/remotes/master [2ms]
2023-03-09 09:02:52.465 [info] > git status -z -uall [6ms]
2023-03-09 09:08:33.976 [info] > git config --get commit.template [10ms]
2023-03-09 09:08:34.009 [info] > git for-each-ref --format=%(refname)%00%(upstream:short)%00%(objectname)%00%(upstream:track)%00%(upstream:remotename)%00%(upstream:remoteref) refs/heads/master refs/remotes/master [35ms]
2023-03-09 09:08:34.021 [info] > git status -z -uall [4ms]
2023-03-09 09:24:34.640 [info] > git config --get commit.template [39ms]
2023-03-09 09:24:34.671 [info] > git for-each-ref --format=%(refname)%00%(upstream:short)%00%(objectname)%00%(upstream:track)%00%(upstream:remotename)%00%(upstream:remoteref) refs/heads/master refs/remotes/master [36ms]
2023-03-09 09:24:34.704 [info] > git status -z -uall [22ms]
2023-03-09 09:24:34.725 [info] > git ls-files --stage -- /home/hawi/phase-0-html-experiencing-html-lab/my_list.html [22ms]
2023-03-09 09:24:34.737 [info] > git show --textconv :my_list.html [1ms]
