0 verbose cli [
0 verbose cli   '/home/hawi/.nvm/versions/node/v16.13.0/bin/node',
0 verbose cli   '/home/hawi/.nvm/versions/node/v16.13.0/bin/npm',
0 verbose cli   'test'
0 verbose cli ]
1 info using npm@8.1.0
2 info using node@v16.13.0
3 timing npm:load:whichnode Completed in 0ms
4 timing config:load:defaults Completed in 3ms
5 timing config:load:file:/home/hawi/.nvm/versions/node/v16.13.0/lib/node_modules/npm/npmrc Completed in 1ms
6 timing config:load:builtin Completed in 1ms
7 timing config:load:cli Completed in 2ms
8 timing config:load:env Completed in 1ms
9 timing config:load:project Completed in 1ms
10 timing config:load:file:/home/hawi/.npmrc Completed in 0ms
11 timing config:load:user Completed in 0ms
12 timing config:load:file:/home/hawi/.nvm/versions/node/v16.13.0/etc/npmrc Completed in 0ms
13 timing config:load:global Completed in 0ms
14 timing config:load:validate Completed in 1ms
15 timing config:load:credentials Completed in 1ms
16 timing config:load:setEnvs Completed in 2ms
17 timing config:load Completed in 13ms
18 timing npm:load:configload Completed in 13ms
19 timing npm:load:setTitle Completed in 0ms
20 timing npm:load:setupLog Completed in 1ms
21 timing config:load:flatten Completed in 5ms
22 timing npm:load:cleanupLog Completed in 3ms
23 timing npm:load:configScope Completed in 0ms
24 timing npm:load:projectScope Completed in 0ms
25 timing npm:load Completed in 25ms
26 timing command:run-script Completed in 11ms
27 timing command:test Completed in 29ms
28 verbose stack Error: ENOENT: no such file or directory, open '/home/hawi/package.json'
29 verbose cwd /home/hawi
30 verbose Linux 5.19.0-35-generic
31 verbose argv "/home/hawi/.nvm/versions/node/v16.13.0/bin/node" "/home/hawi/.nvm/versions/node/v16.13.0/bin/npm" "test"
32 verbose node v16.13.0
33 verbose npm  v8.1.0
34 error code ENOENT
35 error syscall open
36 error path /home/hawi/package.json
37 error errno -2
38 error enoent ENOENT: no such file or directory, open '/home/hawi/package.json'
39 error enoent This is related to npm not being able to find a file.
40 verbose exit -2
