0 verbose cli [
0 verbose cli   '/home/hawi/.nvm/versions/node/v16.13.0/bin/node',
0 verbose cli   '/home/hawi/.nvm/versions/node/v16.13.0/bin/npm',
0 verbose cli   'install'
0 verbose cli ]
1 info using npm@8.1.0
2 info using node@v16.13.0
3 timing npm:load:whichnode Completed in 1ms
4 timing config:load:defaults Completed in 2ms
5 timing config:load:file:/home/hawi/.nvm/versions/node/v16.13.0/lib/node_modules/npm/npmrc Completed in 1ms
6 timing config:load:builtin Completed in 1ms
7 timing config:load:cli Completed in 3ms
8 timing config:load:env Completed in 0ms
9 timing config:load:project Completed in 2ms
10 timing config:load:file:/home/hawi/.npmrc Completed in 0ms
11 timing config:load:user Completed in 0ms
12 timing config:load:file:/home/hawi/.nvm/versions/node/v16.13.0/etc/npmrc Completed in 0ms
13 timing config:load:global Completed in 1ms
14 timing config:load:validate Completed in 0ms
15 timing config:load:credentials Completed in 2ms
16 timing config:load:setEnvs Completed in 1ms
17 timing config:load Completed in 12ms
18 timing npm:load:configload Completed in 12ms
19 timing npm:load:setTitle Completed in 0ms
20 timing npm:load:setupLog Completed in 1ms
21 timing config:load:flatten Completed in 4ms
22 timing npm:load:cleanupLog Completed in 3ms
23 timing npm:load:configScope Completed in 0ms
24 timing npm:load:projectScope Completed in 0ms
25 timing npm:load Completed in 24ms
26 timing arborist:ctor Completed in 1ms
27 timing idealTree:init Completed in 11ms
28 timing idealTree:userRequests Completed in 1ms
29 silly idealTree buildDeps
30 timing idealTree:#root Completed in 0ms
31 timing idealTree:buildDeps Completed in 1ms
32 timing idealTree:fixDepFlags Completed in 1ms
33 timing idealTree Completed in 15ms
34 timing reify:loadTrees Completed in 19ms
35 timing reify:diffTrees Completed in 1ms
36 silly reify moves {}
37 timing reify:retireShallow Completed in 0ms
38 timing reify:createSparse Completed in 0ms
39 timing reify:loadBundles Completed in 0ms
40 silly audit report null
41 timing reify:audit Completed in 1ms
42 timing reify:unpack Completed in 0ms
43 timing reify:unretire Completed in 0ms
44 timing build:queue Completed in 0ms
45 timing build:deps Completed in 0ms
46 timing build Completed in 1ms
47 timing reify:build Completed in 1ms
48 timing reify:trash Completed in 0ms
49 timing reify:save Completed in 7ms
50 timing reify Completed in 102ms
51 timing command:install Completed in 105ms
52 verbose stack Error: ENOENT: no such file or directory, open '/home/hawi/package.json'
53 verbose cwd /home/hawi
54 verbose Linux 5.19.0-35-generic
55 verbose argv "/home/hawi/.nvm/versions/node/v16.13.0/bin/node" "/home/hawi/.nvm/versions/node/v16.13.0/bin/npm" "install"
56 verbose node v16.13.0
57 verbose npm  v8.1.0
58 error code ENOENT
59 error syscall open
60 error path /home/hawi/package.json
61 error errno -2
62 error enoent ENOENT: no such file or directory, open '/home/hawi/package.json'
63 error enoent This is related to npm not being able to find a file.
64 verbose exit -2
