2023-03-08 09:33:51.522 [info] Extension host with pid 6360 started
2023-03-08 09:33:51.873 [info] ExtensionService#_doActivateExtension vscode.emmet, startup: false, activationEvent: 'onLanguage'
2023-03-08 09:33:51.887 [info] ExtensionService#_doActivateExtension vscode.git-base, startup: true, activationEvent: '*', root cause: vscode.git
2023-03-08 09:33:51.891 [info] ExtensionService#_doActivateExtension kamikillerto.vscode-colorize, startup: true, activationEvent: '*'
2023-03-08 09:33:51.990 [info] ExtensionService#_doActivateExtension vscode.git, startup: true, activationEvent: '*'
2023-03-08 09:33:52.056 [info] ExtensionService#_doActivateExtension vscode.github, startup: true, activationEvent: '*'
2023-03-08 09:33:52.210 [info] Eager extensions activated
2023-03-08 09:33:52.378 [info] ExtensionService#_doActivateExtension vscode.github-authentication, startup: false, activationEvent: 'onAuthenticationRequest:github'
2023-03-08 09:33:52.481 [info] ExtensionService#_doActivateExtension vscode.debug-auto-launch, startup: false, activationEvent: 'onStartupFinished'
2023-03-08 09:33:52.487 [info] ExtensionService#_doActivateExtension vscode.merge-conflict, startup: false, activationEvent: 'onStartupFinished'
2023-03-08 09:33:52.507 [info] ExtensionService#_doActivateExtension vscode.npm, startup: false, activationEvent: 'onStartupFinished', root cause: esbenp.prettier-vscode
2023-03-08 09:33:52.538 [info] ExtensionService#_doActivateExtension ms-vscode-remote.remote-wsl, startup: false, activationEvent: 'onStartupFinished'
2023-03-08 09:33:52.576 [info] ExtensionService#_doActivateExtension ritwickdey.LiveServer, startup: false, activationEvent: 'onStartupFinished'
2023-03-08 09:33:52.603 [info] ExtensionService#_doActivateExtension ymotongpoo.licenser, startup: false, activationEvent: 'onStartupFinished'
2023-03-08 09:33:52.729 [info] ExtensionService#_doActivateExtension esbenp.prettier-vscode, startup: false, activationEvent: 'onStartupFinished'
2023-03-08 09:33:52.787 [info] ExtensionService#_doActivateExtension vscode.microsoft-authentication, startup: false, activationEvent: 'onAuthenticationRequest:microsoft'
2023-03-08 09:34:54.672 [info] ExtensionService#_doActivateExtension vscode.extension-editing, startup: false, activationEvent: 'onLanguage:markdown'
2023-03-08 09:34:54.921 [info] ExtensionService#_doActivateExtension vscode.markdown-language-features, startup: false, activationEvent: 'onLanguage:markdown'
2023-03-08 09:34:56.551 [info] ExtensionService#_doActivateExtension vscode.markdown-math, startup: false, activationEvent: 'api', root cause: vscode.markdown-language-features
2023-03-08 10:45:19.742 [info] Extension host terminating: renderer closed the MessagePort
2023-03-08 10:45:19.897 [error] An error occurred when deactivating the subscriptions for extension 'ymotongpoo.licenser':
2023-03-08 10:45:20.038 [error] TypeError: Cannot read properties of undefined (reading 'dispose')
	at Licenser.dispose (/home/hawi/.vscode/extensions/ymotongpoo.licenser-1.9.0/out/src/extension.js:458:26)
	at k (/usr/share/code/resources/app/out/vs/workbench/api/node/extensionHostProcess.js:10:12074)
	at f.X (/usr/share/code/resources/app/out/vs/workbench/api/node/extensionHostProcess.js:108:11284)
	at /usr/share/code/resources/app/out/vs/workbench/api/node/extensionHostProcess.js:108:9088
	at Array.map (<anonymous>)
	at f.Q (/usr/share/code/resources/app/out/vs/workbench/api/node/extensionHostProcess.js:108:9075)
	at f.terminate (/usr/share/code/resources/app/out/vs/workbench/api/node/extensionHostProcess.js:108:9347)
	at u.terminate (/usr/share/code/resources/app/out/vs/workbench/api/node/extensionHostProcess.js:112:1397)
	at p (/usr/share/code/resources/app/out/vs/workbench/api/node/extensionHostProcess.js:122:18592)
	at MessagePortMain.<anonymous> (/usr/share/code/resources/app/out/vs/workbench/api/node/extensionHostProcess.js:122:14731)
	at MessagePortMain.emit (node:events:526:28)
	at MessagePortMain._internalPort.emit (node:electron/js2c/utility_init:5:364)
2023-03-08 10:45:20.039 [info] Extension host with pid 6360 exiting with code 0
