2023-03-08 09:32:47.506 [info] Extension host with pid 6167 started
2023-03-08 09:32:47.506 [info] Skipping acquiring lock for /home/hawi/.config/Code/User/workspaceStorage/6493492ac9c2d73525e1565be93cece0.
2023-03-08 09:32:47.701 [info] ExtensionService#_doActivateExtension vscode.emmet, startup: false, activationEvent: 'onLanguage'
2023-03-08 09:32:47.856 [info] ExtensionService#_doActivateExtension vscode.github-authentication, startup: false, activationEvent: 'onAuthenticationRequest:github'
2023-03-08 09:32:48.452 [info] ExtensionService#_doActivateExtension vscode.git-base, startup: true, activationEvent: '*'
2023-03-08 09:32:48.547 [info] ExtensionService#_doActivateExtension vscode.github, startup: true, activationEvent: '*'
2023-03-08 09:32:48.708 [info] Eager extensions activated
2023-03-08 09:32:48.710 [info] ExtensionService#_doActivateExtension vscode.microsoft-authentication, startup: false, activationEvent: 'onAuthenticationRequest:microsoft'
2023-03-08 09:32:48.876 [info] ExtensionService#_doActivateExtension vscode.debug-auto-launch, startup: false, activationEvent: 'onStartupFinished'
2023-03-08 09:32:48.987 [info] ExtensionService#_doActivateExtension vscode.merge-conflict, startup: false, activationEvent: 'onStartupFinished'
2023-03-08 09:32:49.095 [info] ExtensionService#_doActivateExtension vscode.npm, startup: false, activationEvent: 'onStartupFinished', root cause: esbenp.prettier-vscode
2023-03-08 09:32:49.187 [info] ExtensionService#_doActivateExtension ms-vscode-remote.remote-wsl, startup: false, activationEvent: 'onStartupFinished'
2023-03-08 09:32:49.631 [info] ExtensionService#_doActivateExtension esbenp.prettier-vscode, startup: false, activationEvent: 'onStartupFinished'
2023-03-08 09:32:52.533 [info] ExtensionService#_doActivateExtension vscode.git, startup: false, activationEvent: 'api', root cause: vscode.github
2023-03-08 09:32:52.958 [info] ExtensionService#_doActivateExtension kamikillerto.vscode-colorize, startup: false, activationEvent: '*'
2023-03-08 09:32:53.167 [info] ExtensionService#_doActivateExtension ritwickdey.LiveServer, startup: false, activationEvent: 'onStartupFinished'
2023-03-08 09:32:53.251 [info] ExtensionService#_doActivateExtension ymotongpoo.licenser, startup: false, activationEvent: 'onStartupFinished'
2023-03-08 10:45:29.418 [info] Extension host terminating: renderer closed the MessagePort
2023-03-08 10:45:29.623 [error] An error occurred when deactivating the subscriptions for extension 'ymotongpoo.licenser':
2023-03-08 10:45:29.628 [error] TypeError: Cannot read properties of undefined (reading 'dispose')
	at Licenser.dispose (/home/hawi/.vscode/extensions/ymotongpoo.licenser-1.9.0/out/src/extension.js:458:26)
	at k (/usr/share/code/resources/app/out/vs/workbench/api/node/extensionHostProcess.js:10:12074)
	at f.X (/usr/share/code/resources/app/out/vs/workbench/api/node/extensionHostProcess.js:108:11284)
	at /usr/share/code/resources/app/out/vs/workbench/api/node/extensionHostProcess.js:108:9088
	at Array.map (<anonymous>)
	at f.Q (/usr/share/code/resources/app/out/vs/workbench/api/node/extensionHostProcess.js:108:9075)
	at f.terminate (/usr/share/code/resources/app/out/vs/workbench/api/node/extensionHostProcess.js:108:9347)
	at u.terminate (/usr/share/code/resources/app/out/vs/workbench/api/node/extensionHostProcess.js:112:1397)
	at p (/usr/share/code/resources/app/out/vs/workbench/api/node/extensionHostProcess.js:122:18592)
	at MessagePortMain.<anonymous> (/usr/share/code/resources/app/out/vs/workbench/api/node/extensionHostProcess.js:122:14731)
	at MessagePortMain.emit (node:events:526:28)
	at MessagePortMain._internalPort.emit (node:electron/js2c/utility_init:5:364)
2023-03-08 10:45:29.629 [info] Extension host with pid 6167 exiting with code 0
