2023-03-07 09:41:31.286 [info] Log level: Info
2023-03-07 09:41:31.286 [info] Validating found git in: "git"
2023-03-07 09:41:31.286 [info] Using git "2.39.2" from "git"
2023-03-07 09:41:31.286 [info] > git rev-parse --show-toplevel [180ms]
2023-03-07 09:41:31.354 [info] > git rev-parse --git-dir --git-common-dir [20ms]
2023-03-07 09:41:31.388 [info] Open repository: /home/hawi/Development/code/phase0/phase-0-completing-assignments-learn-lab-gem
2023-03-07 09:41:31.441 [info] > git rev-parse --show-toplevel [33ms]
2023-03-07 09:41:31.462 [info] > git config --get commit.template [28ms]
2023-03-07 09:41:31.483 [info] > git rev-parse --show-toplevel [24ms]
2023-03-07 09:41:31.536 [info] > git for-each-ref --format=%(refname)%00%(upstream:short)%00%(objectname)%00%(upstream:track)%00%(upstream:remotename)%00%(upstream:remoteref) refs/heads/main refs/remotes/main [54ms]
2023-03-07 09:41:31.619 [info] > git status -z -uall [48ms]
2023-03-07 09:41:31.686 [info] > git config --get commit.template [25ms]
2023-03-07 09:41:31.698 [info] > git for-each-ref --format=%(refname)%00%(upstream:short)%00%(objectname)%00%(upstream:track)%00%(upstream:remotename)%00%(upstream:remoteref) refs/heads/main refs/remotes/main [15ms]
2023-03-07 09:41:32.467 [info] > git status -z -uall [752ms]
2023-03-07 09:41:32.585 [info] > git check-ignore -v -z --stdin [121ms]
2023-03-07 09:43:01.069 [info] > git check-ignore -v -z --stdin [3ms]
2023-03-07 09:43:10.905 [info] > git check-ignore -v -z --stdin [2ms]
2023-03-07 16:44:52.027 [info] > git config --get commit.template [2ms]
2023-03-07 16:44:52.614 [info] > git for-each-ref --format=%(refname)%00%(upstream:short)%00%(objectname)%00%(upstream:track)%00%(upstream:remotename)%00%(upstream:remoteref) refs/heads/main refs/remotes/main [288ms]
2023-03-07 16:44:52.715 [info] > git status -z -uall [94ms]
